<?xml version="1.0" encoding="UTF-8"?>
<!-- Generated by org.testng.reporters.JUnitReportReporter -->
<testsuite hostname="LP-PF1TXHNE" failures="0" tests="1" name="TestRunner.CucumberTestRunnerForTags" time="0.108" errors="0" timestamp="2024-04-25T07:00:47 IST" skipped="0">
  <testcase classname="TestRunner.CucumberTestRunnerForTags" name="runScenario" time="0.108"/>
</testsuite> <!-- TestRunner.CucumberTestRunnerForTags -->
