<?xml version="1.0" encoding="UTF-8"?>
<!-- Generated by org.testng.reporters.JUnitReportReporter -->
<testsuite hostname="LP-PF1TXHNE" failures="0" tests="1" name="TestRunner.CucumberTestRunner" time="4.725" errors="0" timestamp="2024-04-25T08:20:18 IST" skipped="0">
  <testcase classname="TestRunner.CucumberTestRunner" name="runScenario" time="4.725"/>
</testsuite> <!-- TestRunner.CucumberTestRunner -->
